<?xml version='1.0' encoding='utf-8'?>
<testsuite name="soccernet-components" tests="6" failures="0" time="8.867"><testcase classname="soccernet" name="SoccerNet SDK" time="0.001"><system-out>{"dataset_root": "/mnt/c/football_data/datasets/SoccerNet/jersey-2023", "downloader_no_network": true, "gt_entries": {"test": 1211, "train": 1427}, "image_inventory_count": 1297548, "import": true, "inventory_evidence": "full read-only scan recorded in logs/soccernet_repo_tests/01_soccernet_sdk.log", "sample_decode_ok": 100, "sample_decode_total": 100, "technical_status": "PASS", "test_exists": true, "train_exists": true, "zero_byte_count": 0}</system-out></testcase><testcase classname="soccernet" name="sn-trackeval" time="1.556"><system-out>.....                                                                    [100%]
5 passed in 1.11s</system-out></testcase><testcase classname="soccernet" name="sn-echoes" time="0.284"><system-out>......................                                                   [100%]
22 passed in 0.12s</system-out></testcase><testcase classname="soccernet" name="sn-calibration" time="0.716"><system-out>.........                                                                [100%]
9 passed in 0.50s</system-out></testcase><testcase classname="soccernet" name="sn-jersey" time="5.650"><system-out>...                                                                      [100%]
3 passed in 4.07s</system-out></testcase><testcase classname="soccernet" name="sn-gamestate" time="0.660"><system-out>.....                                                                    [100%]
5 passed in 0.38s</system-out></testcase></testsuite>